<?xml version="1.0" encoding="UTF-8"?>
<!-- Generated by org.testng.reporters.JUnitReportReporter -->
<testsuite skipped="0" hostname="Youngs-MacBook-Pro.local" name="main.java.com.dbyl.tests.passParameter" tests="2" failures="0" timestamp="30 Apr 2017 09:57:42 GMT" time="0.000" errors="2">
  <testcase name="parameter" time="0.000" classname="main.java.com.dbyl.tests.passParameter">
    <error type="org.testng.TestNGException" message="
Parameter &#039;parameter1&#039; is required by @Test on method parameter but has not been marked @Optional or defined
in /private/var/folders/1l/ltc3srb95111q7lgg9qz2yd40000gn/T/testng-eclipse--1719955076/testng-customsuite.xml">
      <![CDATA[org.testng.TestNGException: 
Parameter 'parameter1' is required by @Test on method parameter but has not been marked @Optional or defined
in /private/var/folders/1l/ltc3srb95111q7lgg9qz2yd40000gn/T/testng-eclipse--1719955076/testng-customsuite.xml
	at org.testng.internal.Parameters.createParameters(Parameters.java:199)
	at org.testng.internal.Parameters.createParameters(Parameters.java:443)
	at org.testng.internal.Parameters.handleParameters(Parameters.java:569)
	at org.testng.internal.Invoker.handleParameters(Invoker.java:1308)
	at org.testng.internal.Invoker.createParameters(Invoker.java:1036)
	at org.testng.internal.Invoker.invokeTestMethods(Invoker.java:1126)
	at org.testng.internal.TestMethodWorker.invokeTestMethods(TestMethodWorker.java:126)
	at org.testng.internal.TestMethodWorker.run(TestMethodWorker.java:109)
	at org.testng.TestRunner.privateRun(TestRunner.java:744)
	at org.testng.TestRunner.run(TestRunner.java:602)
	at org.testng.SuiteRunner.runTest(SuiteRunner.java:380)
	at org.testng.SuiteRunner.runSequentially(SuiteRunner.java:375)
	at org.testng.SuiteRunner.privateRun(SuiteRunner.java:340)
	at org.testng.SuiteRunner.run(SuiteRunner.java:289)
	at org.testng.SuiteRunnerWorker.runSuite(SuiteRunnerWorker.java:52)
	at org.testng.SuiteRunnerWorker.run(SuiteRunnerWorker.java:86)
	at org.testng.TestNG.runSuitesSequentially(TestNG.java:1301)
	at org.testng.TestNG.runSuitesLocally(TestNG.java:1226)
	at org.testng.TestNG.runSuites(TestNG.java:1144)
	at org.testng.TestNG.run(TestNG.java:1115)
	at org.testng.remote.AbstractRemoteTestNG.run(AbstractRemoteTestNG.java:132)
	at org.testng.remote.RemoteTestNG.initAndRun(RemoteTestNG.java:230)
	at org.testng.remote.RemoteTestNG.main(RemoteTestNG.java:76)
]]>
    </error>
  </testcase> <!-- parameter -->
  <testcase name="beforeSuite" time="0.000" classname="main.java.com.dbyl.tests.passParameter">
    <error type="org.testng.TestNGException" message="
Parameter &#039;suite&#039; is required by BeforeSuite on method beforeSuite but has not been marked @Optional or defined
in /private/var/folders/1l/ltc3srb95111q7lgg9qz2yd40000gn/T/testng-eclipse--1719955076/testng-customsuite.xml">
      <![CDATA[org.testng.TestNGException: 
Parameter 'suite' is required by BeforeSuite on method beforeSuite but has not been marked @Optional or defined
in /private/var/folders/1l/ltc3srb95111q7lgg9qz2yd40000gn/T/testng-eclipse--1719955076/testng-customsuite.xml
	at org.testng.internal.Parameters.createParameters(Parameters.java:199)
	at org.testng.internal.Parameters.createParameters(Parameters.java:443)
	at org.testng.internal.Parameters.createConfigurationParameters(Parameters.java:118)
	at org.testng.internal.Invoker.invokeConfigurations(Invoker.java:206)
	at org.testng.internal.Invoker.invokeConfigurations(Invoker.java:146)
	at org.testng.SuiteRunner.privateRun(SuiteRunner.java:326)
	at org.testng.SuiteRunner.run(SuiteRunner.java:289)
	at org.testng.SuiteRunnerWorker.runSuite(SuiteRunnerWorker.java:52)
	at org.testng.SuiteRunnerWorker.run(SuiteRunnerWorker.java:86)
	at org.testng.TestNG.runSuitesSequentially(TestNG.java:1301)
	at org.testng.TestNG.runSuitesLocally(TestNG.java:1226)
	at org.testng.TestNG.runSuites(TestNG.java:1144)
	at org.testng.TestNG.run(TestNG.java:1115)
	at org.testng.remote.AbstractRemoteTestNG.run(AbstractRemoteTestNG.java:132)
	at org.testng.remote.RemoteTestNG.initAndRun(RemoteTestNG.java:230)
	at org.testng.remote.RemoteTestNG.main(RemoteTestNG.java:76)
]]>
    </error>
  </testcase> <!-- beforeSuite -->
</testsuite> <!-- main.java.com.dbyl.tests.passParameter -->
